# JRE version: OpenJDK Runtime Environment (8.0_202-b03) (build 1.8.0_202-release-1483-b03)
# Java VM: OpenJDK 64-Bit Server VM (25.202-b03 mixed mode windows-amd64 compressed oops)
Heap:
 PSYoungGen      total 372736K, used 323520K [0x00000000e0000000, 0x00000000fad00000, 0x0000000100000000)
  eden space 318976K, 100% used [0x00000000e0000000,0x00000000f3780000,0x00000000f3780000)
  from space 53760K, 8% used [0x00000000f3780000,0x00000000f3bf0068,0x00000000f6c00000)
  to   space 53248K, 29% used [0x00000000f7900000,0x00000000f8882338,0x00000000fad00000)
 ParOldGen       total 257024K, used 65550K [0x00000000a0000000, 0x00000000afb00000, 0x00000000e0000000)
  object space 257024K, 25% used [0x00000000a0000000,0x00000000a4003b20,0x00000000afb00000)
 Metaspace       used 99289K, capacity 104096K, committed 104396K, reserved 1140736K
  class space    used 12559K, capacity 13475K, committed 13556K, reserved 1048576K
GC Heap History (10 events):
Event: 5283.305 GC heap after
Heap after GC invocations=33 (full 4):
 PSYoungGen      total 336384K, used 21040K [0x00000000e0000000, 0x00000000f9d80000, 0x0000000100000000)
  eden space 272896K, 0% used [0x00000000e0000000,0x00000000e0000000,0x00000000f0a80000)
  from space 63488K, 33% used [0x00000000f0a80000,0x00000000f1f0c1b0,0x00000000f4880000)
  to   space 59392K, 0% used [0x00000000f6380000,0x00000000f6380000,0x00000000f9d80000)
 ParOldGen       total 257024K, used 65526K [0x00000000a0000000, 0x00000000afb00000, 0x00000000e0000000)
  object space 257024K, 25% used [0x00000000a0000000,0x00000000a3ffdb20,0x00000000afb00000)
 Metaspace       used 95263K, capacity 99352K, committed 100300K, reserved 1136640K
  class space    used 12197K, capacity 13023K, committed 13300K, reserved 1048576K
}
Event: 5349.052 GC heap before
{Heap before GC invocations=34 (full 4):
 PSYoungGen      total 336384K, used 293936K [0x00000000e0000000, 0x00000000f9d80000, 0x0000000100000000)
  eden space 272896K, 100% used [0x00000000e0000000,0x00000000f0a80000,0x00000000f0a80000)
  from space 63488K, 33% used [0x00000000f0a80000,0x00000000f1f0c1b0,0x00000000f4880000)
  to   space 59392K, 0% used [0x00000000f6380000,0x00000000f6380000,0x00000000f9d80000)
 ParOldGen       total 257024K, used 65526K [0x00000000a0000000, 0x00000000afb00000, 0x00000000e0000000)
  object space 257024K, 25% used [0x00000000a0000000,0x00000000a3ffdb20,0x00000000afb00000)
 Metaspace       used 95774K, capacity 99976K, committed 100556K, reserved 1136640K
  class space    used 12224K, capacity 13071K, committed 13300K, reserved 1048576K
Event: 5349.072 GC heap after
Heap after GC invocations=34 (full 4):
 PSYoungGen      total 350720K, used 12145K [0x00000000e0000000, 0x00000000f9580000, 0x0000000100000000)
  eden space 299520K, 0% used [0x00000000e0000000,0x00000000e0000000,0x00000000f2480000)
  from space 51200K, 23% used [0x00000000f6380000,0x00000000f6f5c508,0x00000000f9580000)
  to   space 57856K, 0% used [0x00000000f2480000,0x00000000f2480000,0x00000000f5d00000)
 ParOldGen       total 257024K, used 65526K [0x00000000a0000000, 0x00000000afb00000, 0x00000000e0000000)
  object space 257024K, 25% used [0x00000000a0000000,0x00000000a3ffdb20,0x00000000afb00000)
 Metaspace       used 95774K, capacity 99976K, committed 100556K, reserved 1136640K
  class space    used 12224K, capacity 13071K, committed 13300K, reserved 1048576K
}
Event: 5471.479 GC heap before
{Heap before GC invocations=35 (full 4):
 PSYoungGen      total 350720K, used 311665K [0x00000000e0000000, 0x00000000f9580000, 0x0000000100000000)
  eden space 299520K, 100% used [0x00000000e0000000,0x00000000f2480000,0x00000000f2480000)
  from space 51200K, 23% used [0x00000000f6380000,0x00000000f6f5c508,0x00000000f9580000)
  to   space 57856K, 0% used [0x00000000f2480000,0x00000000f2480000,0x00000000f5d00000)
 ParOldGen       total 257024K, used 65526K [0x00000000a0000000, 0x00000000afb00000, 0x00000000e0000000)
  object space 257024K, 25% used [0x00000000a0000000,0x00000000a3ffdb20,0x00000000afb00000)
 Metaspace       used 96118K, capacity 100474K, committed 100812K, reserved 1136640K
  class space    used 12246K, capacity 13110K, committed 13300K, reserved 1048576K
Event: 5471.491 GC heap after
Heap after GC invocations=35 (full 4):
 PSYoungGen      total 357376K, used 14496K [0x00000000e0000000, 0x00000000fa800000, 0x0000000100000000)
  eden space 299520K, 0% used [0x00000000e0000000,0x00000000e0000000,0x00000000f2480000)
  from space 57856K, 25% used [0x00000000f2480000,0x00000000f32a8060,0x00000000f5d00000)
  to   space 55296K, 0% used [0x00000000f7200000,0x00000000f7200000,0x00000000fa800000)
 ParOldGen       total 257024K, used 65534K [0x00000000a0000000, 0x00000000afb00000, 0x00000000e0000000)
  object space 257024K, 25% used [0x00000000a0000000,0x00000000a3fffb20,0x00000000afb00000)
 Metaspace       used 96118K, capacity 100474K, committed 100812K, reserved 1136640K
  class space    used 12246K, capacity 13110K, committed 13300K, reserved 1048576K
}
Event: 5515.412 GC heap before
{Heap before GC invocations=36 (full 4):
 PSYoungGen      total 357376K, used 314016K [0x00000000e0000000, 0x00000000fa800000, 0x0000000100000000)
  eden space 299520K, 100% used [0x00000000e0000000,0x00000000f2480000,0x00000000f2480000)
  from space 57856K, 25% used [0x00000000f2480000,0x00000000f32a8060,0x00000000f5d00000)
  to   space 55296K, 0% used [0x00000000f7200000,0x00000000f7200000,0x00000000fa800000)
 ParOldGen       total 257024K, used 65534K [0x00000000a0000000, 0x00000000afb00000, 0x00000000e0000000)
  object space 257024K, 25% used [0x00000000a0000000,0x00000000a3fffb20,0x00000000afb00000)
 Metaspace       used 96362K, capacity 100938K, committed 101324K, reserved 1136640K
  class space    used 12276K, capacity 13166K, committed 13300K, reserved 1048576K
Event: 5515.421 GC heap after
Heap after GC invocations=36 (full 4):
 PSYoungGen      total 366592K, used 9232K [0x00000000e0000000, 0x00000000fa080000, 0x0000000100000000)
  eden space 318976K, 0% used [0x00000000e0000000,0x00000000e0000000,0x00000000f3780000)
  from space 47616K, 19% used [0x00000000f7200000,0x00000000f7b040b8,0x00000000fa080000)
  to   space 53760K, 0% used [0x00000000f3780000,0x00000000f3780000,0x00000000f6c00000)
 ParOldGen       total 257024K, used 65542K [0x00000000a0000000, 0x00000000afb00000, 0x00000000e0000000)
  object space 257024K, 25% used [0x00000000a0000000,0x00000000a4001b20,0x00000000afb00000)
 Metaspace       used 96362K, capacity 100938K, committed 101324K, reserved 1136640K
  class space    used 12276K, capacity 13166K, committed 13300K, reserved 1048576K
}
Event: 5624.765 GC heap before
{Heap before GC invocations=37 (full 4):
 PSYoungGen      total 366592K, used 328208K [0x00000000e0000000, 0x00000000fa080000, 0x0000000100000000)
  eden space 318976K, 100% used [0x00000000e0000000,0x00000000f3780000,0x00000000f3780000)
  from space 47616K, 19% used [0x00000000f7200000,0x00000000f7b040b8,0x00000000fa080000)
  to   space 53760K, 0% used [0x00000000f3780000,0x00000000f3780000,0x00000000f6c00000)
 ParOldGen       total 257024K, used 65542K [0x00000000a0000000, 0x00000000afb00000, 0x00000000e0000000)
  object space 257024K, 25% used [0x00000000a0000000,0x00000000a4001b20,0x00000000afb00000)
 Metaspace       used 96625K, capacity 101384K, committed 101580K, reserved 1138688K
  class space    used 12305K, capacity 13219K, committed 13300K, reserved 1048576K
Event: 5624.772 GC heap after
Heap after GC invocations=37 (full 4):
 PSYoungGen      total 372736K, used 4544K [0x00000000e0000000, 0x00000000fad00000, 0x0000000100000000)
  eden space 318976K, 0% used [0x00000000e0000000,0x00000000e0000000,0x00000000f3780000)
  from space 53760K, 8% used [0x00000000f3780000,0x00000000f3bf0068,0x00000000f6c00000)
  to   space 53248K, 0% used [0x00000000f7900000,0x00000000f7900000,0x00000000fad00000)
 ParOldGen       total 257024K, used 65550K [0x00000000a0000000, 0x00000000afb00000, 0x00000000e0000000)
  object space 257024K, 25% used [0x00000000a0000000,0x00000000a4003b20,0x00000000afb00000)
 Metaspace       used 96625K, capacity 101384K, committed 101580K, reserved 1138688K
  class space    used 12305K, capacity 13219K, committed 13300K, reserved 1048576K
}
Event: 5640.968 GC heap before
{Heap before GC invocations=38 (full 4):
 PSYoungGen      total 372736K, used 323520K [0x00000000e0000000, 0x00000000fad00000, 0x0000000100000000)
  eden space 318976K, 100% used [0x00000000e0000000,0x00000000f3780000,0x00000000f3780000)
  from space 53760K, 8% used [0x00000000f3780000,0x00000000f3bf0068,0x00000000f6c00000)
  to   space 53248K, 0% used [0x00000000f7900000,0x00000000f7900000,0x00000000fad00000)
 ParOldGen       total 257024K, used 65550K [0x00000000a0000000, 0x00000000afb00000, 0x00000000e0000000)
  object space 257024K, 25% used [0x00000000a0000000,0x00000000a4003b20,0x00000000afb00000)
 Metaspace       used 99289K, capacity 104096K, committed 104396K, reserved 1140736K
  class space    used 12559K, capacity 13475K, committed 13556K, reserved 1048576K

